  [1m[35m (3.8ms)[0m  [1m[34mSELECT sqlite_version(*)[0m
  [1m[35m (195.5ms)[0m  [1m[35mCREATE TABLE "schema_migrations" ("version" varchar NOT NULL PRIMARY KEY)[0m
  [1m[35m (152.3ms)[0m  [1m[35mCREATE TABLE "ar_internal_metadata" ("key" varchar NOT NULL PRIMARY KEY, "value" varchar, "created_at" datetime(6) NOT NULL, "updated_at" datetime(6) NOT NULL)[0m
  [1m[35m (0.2ms)[0m  [1m[34mSELECT "schema_migrations"."version" FROM "schema_migrations" ORDER BY "schema_migrations"."version" ASC[0m
Migrating to CreatePeople (20210719195532)
  [1m[35m (0.1ms)[0m  [1m[36mbegin transaction[0m
  [1m[35m (0.5ms)[0m  [1m[35mCREATE TABLE "people" ("id" integer PRIMARY KEY AUTOINCREMENT NOT NULL, "name" varchar, "age" integer, "nickname" varchar, "last_name" varchar, "height" integer, "weight" integer, "created_at" datetime(6) NOT NULL, "updated_at" datetime(6) NOT NULL)[0m
  [1m[36mActiveRecord::SchemaMigration Create (0.3ms)[0m  [1m[32mINSERT INTO "schema_migrations" ("version") VALUES (?)[0m  [["version", "20210719195532"]]
  [1m[35m (194.9ms)[0m  [1m[36mcommit transaction[0m
  [1m[36mActiveRecord::InternalMetadata Load (0.4ms)[0m  [1m[34mSELECT "ar_internal_metadata".* FROM "ar_internal_metadata" WHERE "ar_internal_metadata"."key" = ? LIMIT ?[0m  [["key", "environment"], ["LIMIT", 1]]
  [1m[35m (0.1ms)[0m  [1m[36mbegin transaction[0m
  [1m[36mActiveRecord::InternalMetadata Create (0.5ms)[0m  [1m[32mINSERT INTO "ar_internal_metadata" ("key", "value", "created_at", "updated_at") VALUES (?, ?, ?, ?)[0m  [["key", "environment"], ["value", "development"], ["created_at", "2021-07-19 19:55:44.285389"], ["updated_at", "2021-07-19 19:55:44.285389"]]
  [1m[35m (104.7ms)[0m  [1m[36mcommit transaction[0m
  [1m[35m (0.1ms)[0m  [1m[34mSELECT sqlite_version(*)[0m
  [1m[35m (0.2ms)[0m  [1m[34mSELECT "schema_migrations"."version" FROM "schema_migrations" ORDER BY "schema_migrations"."version" ASC[0m
  [1m[35m (0.3ms)[0m  [1m[34mSELECT sqlite_version(*)[0m
  [1m[35m (0.1ms)[0m  [1m[34mSELECT "schema_migrations"."version" FROM "schema_migrations" ORDER BY "schema_migrations"."version" ASC[0m
  [1m[36mActiveRecord::InternalMetadata Load (0.1ms)[0m  [1m[34mSELECT "ar_internal_metadata".* FROM "ar_internal_metadata" WHERE "ar_internal_metadata"."key" = ? LIMIT ?[0m  [["key", "environment"], ["LIMIT", 1]]
  [1m[35m (0.0ms)[0m  [1m[34mSELECT sqlite_version(*)[0m
  [1m[35m (0.1ms)[0m  [1m[34mSELECT "schema_migrations"."version" FROM "schema_migrations" ORDER BY "schema_migrations"."version" ASC[0m
  [1m[35m (0.2ms)[0m  [1m[34mSELECT sqlite_version(*)[0m
  [1m[35m (0.1ms)[0m  [1m[34mSELECT "schema_migrations"."version" FROM "schema_migrations" ORDER BY "schema_migrations"."version" ASC[0m
  [1m[36mActiveRecord::InternalMetadata Load (0.1ms)[0m  [1m[34mSELECT "ar_internal_metadata".* FROM "ar_internal_metadata" WHERE "ar_internal_metadata"."key" = ? LIMIT ?[0m  [["key", "environment"], ["LIMIT", 1]]
  [1m[35m (0.0ms)[0m  [1m[34mSELECT sqlite_version(*)[0m
  [1m[35m (0.1ms)[0m  [1m[34mSELECT "schema_migrations"."version" FROM "schema_migrations" ORDER BY "schema_migrations"."version" ASC[0m
Started GET "/" for ::1 at 2021-07-19 22:13:48 -0300
  [1m[35m (0.4ms)[0m  [1m[34mSELECT sqlite_version(*)[0m
  [1m[35m (0.2ms)[0m  [1m[34mSELECT "schema_migrations"."version" FROM "schema_migrations" ORDER BY "schema_migrations"."version" ASC[0m
Processing by Rails::WelcomeController#index as HTML
  Rendering /home/matheus/.rbenv/versions/2.6.6/lib/ruby/gems/2.6.0/gems/railties-6.0.4/lib/rails/templates/rails/welcome/index.html.erb
  Rendered /home/matheus/.rbenv/versions/2.6.6/lib/ruby/gems/2.6.0/gems/railties-6.0.4/lib/rails/templates/rails/welcome/index.html.erb (Duration: 30.9ms | Allocations: 479)
Completed 200 OK in 141ms (Views: 69.6ms | ActiveRecord: 0.0ms | Allocations: 2804)


Started GET "/index" for ::1 at 2021-07-19 22:13:59 -0300
  
ActionController::RoutingError (No route matches [GET] "/index"):
  
actionpack (6.0.4) lib/action_dispatch/middleware/debug_exceptions.rb:36:in `call'
web-console (4.1.0) lib/web_console/middleware.rb:132:in `call_app'
web-console (4.1.0) lib/web_console/middleware.rb:28:in `block in call'
web-console (4.1.0) lib/web_console/middleware.rb:17:in `catch'
web-console (4.1.0) lib/web_console/middleware.rb:17:in `call'
actionpack (6.0.4) lib/action_dispatch/middleware/show_exceptions.rb:33:in `call'
railties (6.0.4) lib/rails/rack/logger.rb:37:in `call_app'
railties (6.0.4) lib/rails/rack/logger.rb:26:in `block in call'
activesupport (6.0.4) lib/active_support/tagged_logging.rb:80:in `block in tagged'
activesupport (6.0.4) lib/active_support/tagged_logging.rb:28:in `tagged'
activesupport (6.0.4) lib/active_support/tagged_logging.rb:80:in `tagged'
railties (6.0.4) lib/rails/rack/logger.rb:26:in `call'
sprockets-rails (3.2.2) lib/sprockets/rails/quiet_assets.rb:13:in `call'
actionpack (6.0.4) lib/action_dispatch/middleware/remote_ip.rb:81:in `call'
actionpack (6.0.4) lib/action_dispatch/middleware/request_id.rb:27:in `call'
rack (2.2.3) lib/rack/method_override.rb:24:in `call'
rack (2.2.3) lib/rack/runtime.rb:22:in `call'
activesupport (6.0.4) lib/active_support/cache/strategy/local_cache_middleware.rb:29:in `call'
actionpack (6.0.4) lib/action_dispatch/middleware/executor.rb:14:in `call'
actionpack (6.0.4) lib/action_dispatch/middleware/static.rb:126:in `call'
rack (2.2.3) lib/rack/sendfile.rb:110:in `call'
actionpack (6.0.4) lib/action_dispatch/middleware/host_authorization.rb:82:in `call'
webpacker (4.3.0) lib/webpacker/dev_server_proxy.rb:23:in `perform_request'
rack-proxy (0.7.0) lib/rack/proxy.rb:63:in `call'
railties (6.0.4) lib/rails/engine.rb:527:in `call'
puma (4.3.8) lib/puma/configuration.rb:228:in `call'
puma (4.3.8) lib/puma/server.rb:718:in `handle_request'
puma (4.3.8) lib/puma/server.rb:472:in `process_client'
puma (4.3.8) lib/puma/server.rb:328:in `block in run'
puma (4.3.8) lib/puma/thread_pool.rb:134:in `block in spawn_thread'
Started GET "/person" for ::1 at 2021-07-19 22:14:14 -0300
Processing by PersonController#index as HTML
  Rendering person/index.html.erb within layouts/application
  Rendered person/index.html.erb within layouts/application (Duration: 1.1ms | Allocations: 84)
[Webpacker] Compiling...
[Webpacker] Compiled all packs in /home/matheus/code/mmferreira2000/projects/back-end/brobot-getting-started/challenge01/public/packs
[Webpacker] Though the "loose" option was set to "false" in your @babel/preset-env config, it will not be used for @babel/plugin-proposal-private-methods since the "loose" mode option was set to "true" for @babel/plugin-proposal-class-properties.
The "loose" option must be the same for @babel/plugin-proposal-class-properties, @babel/plugin-proposal-private-methods and @babel/plugin-proposal-private-property-in-object (when they are enabled): you can silence this warning by explicitly adding
	["@babel/plugin-proposal-private-methods", { "loose": true }]
to the "plugins" section of your Babel config.
Though the "loose" option was set to "false" in your @babel/preset-env config, it will not be used for @babel/plugin-proposal-private-methods since the "loose" mode option was set to "true" for @babel/plugin-proposal-class-properties.
The "loose" option must be the same for @babel/plugin-proposal-class-properties, @babel/plugin-proposal-private-methods and @babel/plugin-proposal-private-property-in-object (when they are enabled): you can silence this warning by explicitly adding
	["@babel/plugin-proposal-private-methods", { "loose": true }]
to the "plugins" section of your Babel config.
Though the "loose" option was set to "false" in your @babel/preset-env config, it will not be used for @babel/plugin-proposal-private-methods since the "loose" mode option was set to "true" for @babel/plugin-proposal-class-properties.
The "loose" option must be the same for @babel/plugin-proposal-class-properties, @babel/plugin-proposal-private-methods and @babel/plugin-proposal-private-property-in-object (when they are enabled): you can silence this warning by explicitly adding
	["@babel/plugin-proposal-private-methods", { "loose": true }]
to the "plugins" section of your Babel config.
Though the "loose" option was set to "false" in your @babel/preset-env config, it will not be used for @babel/plugin-proposal-private-methods since the "loose" mode option was set to "true" for @babel/plugin-proposal-class-properties.
The "loose" option must be the same for @babel/plugin-proposal-class-properties, @babel/plugin-proposal-private-methods and @babel/plugin-proposal-private-property-in-object (when they are enabled): you can silence this warning by explicitly adding
	["@babel/plugin-proposal-private-methods", { "loose": true }]
to the "plugins" section of your Babel config.
Though the "loose" option was set to "false" in your @babel/preset-env config, it will not be used for @babel/plugin-proposal-private-methods since the "loose" mode option was set to "true" for @babel/plugin-proposal-class-properties.
The "loose" option must be the same for @babel/plugin-proposal-class-properties, @babel/plugin-proposal-private-methods and @babel/plugin-proposal-private-property-in-object (when they are enabled): you can silence this warning by explicitly adding
	["@babel/plugin-proposal-private-methods", { "loose": true }]
to the "plugins" section of your Babel config.
Though the "loose" option was set to "false" in your @babel/preset-env config, it will not be used for @babel/plugin-proposal-private-methods since the "loose" mode option was set to "true" for @babel/plugin-proposal-class-properties.
The "loose" option must be the same for @babel/plugin-proposal-class-properties, @babel/plugin-proposal-private-methods and @babel/plugin-proposal-private-property-in-object (when they are enabled): you can silence this warning by explicitly adding
	["@babel/plugin-proposal-private-methods", { "loose": true }]
to the "plugins" section of your Babel config.

[Webpacker] Hash: bdff1afdfbe7c189d484
Version: webpack 4.46.0
Time: 1446ms
Built at: 07/19/2021 10:14:17 PM
                                     Asset       Size       Chunks                         Chunk Names
    js/application-a860ea931ce4c057e219.js    124 KiB  application  [emitted] [immutable]  application
js/application-a860ea931ce4c057e219.js.map    139 KiB  application  [emitted] [dev]        application
                             manifest.json  364 bytes               [emitted]              
Entrypoint application = js/application-a860ea931ce4c057e219.js js/application-a860ea931ce4c057e219.js.map
[./app/javascript/channels sync recursive _channel\.js$] ./app/javascript/channels sync _channel\.js$ 160 bytes {application} [built]
[./app/javascript/channels/index.js] 211 bytes {application} [built]
[./app/javascript/packs/application.js] 749 bytes {application} [built]
[./node_modules/webpack/buildin/module.js] (webpack)/buildin/module.js 552 bytes {application} [built]
    + 3 hidden modules

Completed 200 OK in 2988ms (Views: 2986.9ms | ActiveRecord: 0.0ms | Allocations: 19468)


  [1m[35m (0.2ms)[0m  [1m[34mSELECT sqlite_version(*)[0m
  [1m[35m (0.1ms)[0m  [1m[34mSELECT "schema_migrations"."version" FROM "schema_migrations" ORDER BY "schema_migrations"."version" ASC[0m
  [1m[36mActiveRecord::InternalMetadata Load (0.3ms)[0m  [1m[34mSELECT "ar_internal_metadata".* FROM "ar_internal_metadata" WHERE "ar_internal_metadata"."key" = ? LIMIT ?[0m  [["key", "environment"], ["LIMIT", 1]]
  [1m[35m (0.1ms)[0m  [1m[34mSELECT sqlite_version(*)[0m
  [1m[35m (0.1ms)[0m  [1m[34mSELECT "schema_migrations"."version" FROM "schema_migrations" ORDER BY "schema_migrations"."version" ASC[0m
  [1m[35m (0.3ms)[0m  [1m[34mSELECT sqlite_version(*)[0m
  [1m[35m (0.1ms)[0m  [1m[34mSELECT "schema_migrations"."version" FROM "schema_migrations" ORDER BY "schema_migrations"."version" ASC[0m
Migrating to AddPesoToPerson (20210720012225)
  [1m[35m (0.1ms)[0m  [1m[36mbegin transaction[0m
  [1m[35m (0.7ms)[0m  [1m[35mALTER TABLE "people" ADD "peso" float[0m
  [1m[36mActiveRecord::SchemaMigration Create (0.4ms)[0m  [1m[32mINSERT INTO "schema_migrations" ("version") VALUES (?)[0m  [["version", "20210720012225"]]
  [1m[35m (206.0ms)[0m  [1m[36mcommit transaction[0m
Migrating to AddAlturaToPerson (20210720012244)
  [1m[35m (0.3ms)[0m  [1m[36mbegin transaction[0m
  [1m[35m (2.6ms)[0m  [1m[35mALTER TABLE "people" ADD "altura" float[0m
  [1m[36mActiveRecord::SchemaMigration Create (0.3ms)[0m  [1m[32mINSERT INTO "schema_migrations" ("version") VALUES (?)[0m  [["version", "20210720012244"]]
  [1m[35m (242.1ms)[0m  [1m[36mcommit transaction[0m
  [1m[36mActiveRecord::InternalMetadata Load (0.1ms)[0m  [1m[34mSELECT "ar_internal_metadata".* FROM "ar_internal_metadata" WHERE "ar_internal_metadata"."key" = ? LIMIT ?[0m  [["key", "environment"], ["LIMIT", 1]]
  [1m[35m (0.1ms)[0m  [1m[34mSELECT sqlite_version(*)[0m
  [1m[35m (0.1ms)[0m  [1m[34mSELECT "schema_migrations"."version" FROM "schema_migrations" ORDER BY "schema_migrations"."version" ASC[0m
  [1m[35m (0.2ms)[0m  [1m[34mSELECT sqlite_version(*)[0m
  [1m[35m (0.1ms)[0m  [1m[34mSELECT "schema_migrations"."version" FROM "schema_migrations" ORDER BY "schema_migrations"."version" ASC[0m
  [1m[35m (0.1ms)[0m  [1m[34mSELECT sqlite_version(*)[0m
  [1m[35m (0.0ms)[0m  [1m[36mbegin transaction[0m
  [1m[36mPerson Create (0.4ms)[0m  [1m[32mINSERT INTO "people" ("name", "nickname", "last_name", "created_at", "updated_at", "peso", "altura") VALUES (?, ?, ?, ?, ?, ?, ?)[0m  [["name", "Matheus"], ["nickname", "Moreira"], ["last_name", "Ferreira"], ["created_at", "2021-07-20 01:23:57.333064"], ["updated_at", "2021-07-20 01:23:57.333064"], ["peso", 65.0], ["altura", 1.75]]
  [1m[35m (108.5ms)[0m  [1m[36mcommit transaction[0m
  [1m[35m (0.2ms)[0m  [1m[36mbegin transaction[0m
  [1m[36mPerson Create (1.3ms)[0m  [1m[32mINSERT INTO "people" ("name", "nickname", "last_name", "created_at", "updated_at", "peso", "altura") VALUES (?, ?, ?, ?, ?, ?, ?)[0m  [["name", "Matheus2"], ["nickname", "Moreira"], ["last_name", "Ferreira"], ["created_at", "2021-07-20 01:23:57.507760"], ["updated_at", "2021-07-20 01:23:57.507760"], ["peso", 65.0], ["altura", 1.75]]
  [1m[35m (169.1ms)[0m  [1m[36mcommit transaction[0m
  [1m[35m (0.3ms)[0m  [1m[34mSELECT sqlite_version(*)[0m
  [1m[36mPerson Load (0.2ms)[0m  [1m[34mSELECT "people".* FROM "people" LIMIT ?[0m  [["LIMIT", 11]]
Started GET "/person" for ::1 at 2021-07-19 22:28:42 -0300
  [1m[35m (0.4ms)[0m  [1m[34mSELECT sqlite_version(*)[0m
  [1m[35m (0.2ms)[0m  [1m[34mSELECT "schema_migrations"."version" FROM "schema_migrations" ORDER BY "schema_migrations"."version" ASC[0m
Processing by PersonController#index as HTML
  Rendering person/index.html.erb within layouts/application
  Rendered person/index.html.erb within layouts/application (Duration: 1.7ms | Allocations: 1807)
Completed 500 Internal Server Error in 9ms (ActiveRecord: 0.0ms | Allocations: 4105)


  
ActionView::Template::Error (undefined method `each' for nil:NilClass):
    1: <ul>
    2:   <% @persons.each do |person| %>
    3:     <li><%= link_to person.name, person_path(person)  %></li>
    4:   <% end %>
    5: </ul>
  
app/views/person/index.html.erb:2
Started PUT "/__web_console/repl_sessions/9f0a52c277b5e0b1617057bfe0f2f7d7" for ::1 at 2021-07-19 22:28:54 -0300
Started PUT "/__web_console/repl_sessions/9f0a52c277b5e0b1617057bfe0f2f7d7" for ::1 at 2021-07-19 22:28:55 -0300
Started PUT "/__web_console/repl_sessions/9f0a52c277b5e0b1617057bfe0f2f7d7" for ::1 at 2021-07-19 22:28:55 -0300
  [1m[36mPerson Load (0.2ms)[0m  [1m[34mSELECT "people".* FROM "people" LIMIT ?[0m  [["LIMIT", 11]]
Started GET "/person" for ::1 at 2021-07-19 22:29:15 -0300
  [1m[35m (0.1ms)[0m  [1m[34mSELECT sqlite_version(*)[0m
Processing by PersonController#index as HTML
  Rendering person/index.html.erb within layouts/application
  [1m[36mPerson Load (0.2ms)[0m  [1m[34mSELECT "people".* FROM "people"[0m
  ↳ app/views/person/index.html.erb:2
  Rendered person/index.html.erb within layouts/application (Duration: 8.8ms | Allocations: 8233)
[Webpacker] Everything's up-to-date. Nothing to do
Completed 200 OK in 16ms (Views: 14.4ms | ActiveRecord: 0.6ms | Allocations: 14388)


Started GET "/person" for ::1 at 2021-07-19 23:38:21 -0300
  [1m[35m (0.2ms)[0m  [1m[34mSELECT sqlite_version(*)[0m
Processing by PersonController#index as HTML
  Rendering person/index.html.erb within layouts/application
  [1m[36mPerson Load (0.2ms)[0m  [1m[34mSELECT "people".* FROM "people"[0m
  ↳ app/views/person/index.html.erb:2
  Rendered person/index.html.erb within layouts/application (Duration: 16.9ms | Allocations: 7901)
[Webpacker] Everything's up-to-date. Nothing to do
Completed 200 OK in 37ms (Views: 30.5ms | ActiveRecord: 0.2ms | Allocations: 12559)


Started GET "/person/1" for ::1 at 2021-07-19 23:38:36 -0300
Processing by PersonController#show as HTML
  Parameters: {"id"=>"1"}
  [1m[36mPerson Load (0.3ms)[0m  [1m[34mSELECT "people".* FROM "people" WHERE "people"."id" = ? LIMIT ?[0m  [["id", 1], ["LIMIT", 1]]
  ↳ app/controllers/person_controller.rb:7:in `show'
  Rendering person/show.html.erb within layouts/application
  Rendered person/show.html.erb within layouts/application (Duration: 1.4ms | Allocations: 580)
[Webpacker] Everything's up-to-date. Nothing to do
Completed 200 OK in 29ms (Views: 5.2ms | ActiveRecord: 0.3ms | Allocations: 5148)


Started GET "/person" for ::1 at 2021-07-19 23:38:43 -0300
Processing by PersonController#index as HTML
  Rendering person/index.html.erb within layouts/application
  [1m[36mPerson Load (0.3ms)[0m  [1m[34mSELECT "people".* FROM "people"[0m
  ↳ app/views/person/index.html.erb:2
  Rendered person/index.html.erb within layouts/application (Duration: 1.9ms | Allocations: 700)
[Webpacker] Everything's up-to-date. Nothing to do
Completed 200 OK in 9ms (Views: 7.3ms | ActiveRecord: 0.3ms | Allocations: 4150)


Started GET "/person" for ::1 at 2021-07-19 23:39:12 -0300
Processing by PersonController#index as HTML
  Rendering person/index.html.erb within layouts/application
  [1m[36mPerson Load (0.2ms)[0m  [1m[34mSELECT "people".* FROM "people"[0m
  ↳ app/views/person/index.html.erb:2
  Rendered person/index.html.erb within layouts/application (Duration: 1.6ms | Allocations: 697)
[Webpacker] Everything's up-to-date. Nothing to do
Completed 200 OK in 7ms (Views: 5.6ms | ActiveRecord: 0.2ms | Allocations: 4129)


Started GET "/person" for ::1 at 2021-07-19 23:54:44 -0300
  [1m[35m (0.1ms)[0m  [1m[34mSELECT sqlite_version(*)[0m
Processing by PersonController#index as HTML
  Rendering person/index.html.erb within layouts/application
  [1m[36mPerson Load (0.2ms)[0m  [1m[34mSELECT "people".* FROM "people"[0m
  ↳ app/views/person/index.html.erb:2
  Rendered person/index.html.erb within layouts/application (Duration: 10.9ms | Allocations: 8391)
[Webpacker] Everything's up-to-date. Nothing to do
Completed 200 OK in 20ms (Views: 18.6ms | ActiveRecord: 0.2ms | Allocations: 13060)


Started GET "/person/new" for ::1 at 2021-07-19 23:54:47 -0300
Processing by PersonController#new as HTML
  Rendering person/new.html.erb within layouts/application
  Rendered person/new.html.erb within layouts/application (Duration: 114.2ms | Allocations: 74869)
Completed 500 Internal Server Error in 117ms (ActiveRecord: 0.0ms | Allocations: 75495)


  
ActionView::Template::Error (undefined method `people_path' for #<#<Class:0x00007ff5f8ed0620>:0x00007ff5f906e2c0>):
    1: <h3>Register</h3>
    2: <%= form_with model: @person do |form| %>
    3:   <%= form.text_field :name, placeholder: "name" %>
    4:   <%= form.text_field :nickname, placeholder: "nickname" %>
    5:   <%= form.text_field :last_name, placeholder: "last name" %>
  
app/views/person/new.html.erb:2
Started GET "/person" for ::1 at 2021-07-19 23:55:20 -0300
Processing by PersonController#index as HTML
  Rendering person/index.html.erb within layouts/application
  [1m[36mPerson Load (0.1ms)[0m  [1m[34mSELECT "people".* FROM "people"[0m
  ↳ app/views/person/index.html.erb:2
  Rendered person/index.html.erb within layouts/application (Duration: 1.7ms | Allocations: 1126)
[Webpacker] Everything's up-to-date. Nothing to do
Completed 200 OK in 6ms (Views: 4.9ms | ActiveRecord: 0.1ms | Allocations: 4574)


Started GET "/person/1/edit" for ::1 at 2021-07-19 23:55:23 -0300
Processing by PersonController#edit as HTML
  Parameters: {"id"=>"1"}
  [1m[36mPerson Load (0.2ms)[0m  [1m[34mSELECT "people".* FROM "people" WHERE "people"."id" = ? LIMIT ?[0m  [["id", 1], ["LIMIT", 1]]
  ↳ app/controllers/person_controller.rb:21:in `edit'
  Rendering person/edit.html.erb within layouts/application
  Rendered person/edit.html.erb within layouts/application (Duration: 136.1ms | Allocations: 75854)
Completed 500 Internal Server Error in 140ms (ActiveRecord: 0.2ms | Allocations: 77123)


  
ActionView::Template::Error (undefined method `number' for #<ActionView::Helpers::FormBuilder:0x00007ff5f848ae90>):
    3:   <%= form.text_field :name, placeholder: "name" %>
    4:   <%= form.text_field :nickname, placeholder: "nickname" %>
    5:   <%= form.text_field :last_name, placeholder: "last name" %>
    6:   <%= form.number :age, placeholder: "age" %>
    7:   <%= form.text_field :peso, placeholder: "weight" %>
    8:   <%= form.text_field :altura, placeholder: "height" %>
    9:   <%= form.submit %>
  
app/views/person/edit.html.erb:6
app/views/person/edit.html.erb:2
Started GET "/person/1/edit" for ::1 at 2021-07-19 23:56:05 -0300
Processing by PersonController#edit as HTML
  Parameters: {"id"=>"1"}
  [1m[36mPerson Load (0.1ms)[0m  [1m[34mSELECT "people".* FROM "people" WHERE "people"."id" = ? LIMIT ?[0m  [["id", 1], ["LIMIT", 1]]
  ↳ app/controllers/person_controller.rb:21:in `edit'
  Rendering person/edit.html.erb within layouts/application
  Rendered person/edit.html.erb within layouts/application (Duration: 117.7ms | Allocations: 4149)
[Webpacker] Everything's up-to-date. Nothing to do
Completed 200 OK in 126ms (Views: 123.7ms | ActiveRecord: 0.1ms | Allocations: 9045)


Started PATCH "/person/1" for ::1 at 2021-07-19 23:56:20 -0300
Processing by PersonController#update as JS
  Parameters: {"authenticity_token"=>"v5xRWf+JRxgbD97WjhiOI+wzq8+4I6izMQR7NpSJ+Qh4/9Vf9aUQGa86IrdXRks585Kxk4wCrPJSPumekxfiIg==", "person"=>{"name"=>"Matheus", "nickname"=>"Mario", "last_name"=>"Ferreira", "age"=>"", "peso"=>"65.0", "altura"=>"1.75"}, "commit"=>"Update Person", "id"=>"1"}
  [1m[36mPerson Load (0.3ms)[0m  [1m[34mSELECT "people".* FROM "people" WHERE "people"."id" = ? LIMIT ?[0m  [["id", 1], ["LIMIT", 1]]
  ↳ app/controllers/person_controller.rb:25:in `update'
  [1m[35m (0.1ms)[0m  [1m[36mbegin transaction[0m
  ↳ app/controllers/person_controller.rb:27:in `update'
  [1m[36mPerson Update (3.1ms)[0m  [1m[33mUPDATE "people" SET "nickname" = ?, "updated_at" = ? WHERE "people"."id" = ?[0m  [["nickname", "Mario"], ["updated_at", "2021-07-20 02:56:20.933413"], ["id", 1]]
  ↳ app/controllers/person_controller.rb:27:in `update'
  [1m[35m (109.4ms)[0m  [1m[36mcommit transaction[0m
  ↳ app/controllers/person_controller.rb:27:in `update'
Redirected to http://localhost:3000/person/1
Completed 200 OK in 132ms (ActiveRecord: 112.9ms | Allocations: 6232)


Started GET "/person/1" for ::1 at 2021-07-19 23:56:21 -0300
Processing by PersonController#show as HTML
  Parameters: {"id"=>"1"}
  [1m[36mPerson Load (0.2ms)[0m  [1m[34mSELECT "people".* FROM "people" WHERE "people"."id" = ? LIMIT ?[0m  [["id", 1], ["LIMIT", 1]]
  ↳ app/controllers/person_controller.rb:7:in `show'
  Rendering person/show.html.erb within layouts/application
  Rendered person/show.html.erb within layouts/application (Duration: 1.6ms | Allocations: 666)
[Webpacker] Everything's up-to-date. Nothing to do
Completed 200 OK in 16ms (Views: 12.2ms | ActiveRecord: 0.2ms | Allocations: 4793)


Started DELETE "/person/2" for ::1 at 2021-07-19 23:56:38 -0300
Processing by PersonController#destroy as HTML
  Parameters: {"authenticity_token"=>"6yMMfshs75Vkz2GCAIS82xLrs+VI6sJcwf7Kn+UzU+ksQIh4wkC4lND6nePZ2nnBDUqpuXzLxh2ixFg34q1Iww==", "id"=>"2"}
  [1m[36mPerson Load (0.2ms)[0m  [1m[34mSELECT "people".* FROM "people" WHERE "people"."id" = ? LIMIT ?[0m  [["id", 2], ["LIMIT", 1]]
  ↳ app/controllers/person_controller.rb:33:in `destroy'
  [1m[35m (0.1ms)[0m  [1m[36mbegin transaction[0m
  ↳ app/controllers/person_controller.rb:34:in `destroy'
  [1m[36mPerson Destroy (0.5ms)[0m  [1m[31mDELETE FROM "people" WHERE "people"."id" = ?[0m  [["id", 2]]
  ↳ app/controllers/person_controller.rb:34:in `destroy'
  [1m[35m (114.9ms)[0m  [1m[36mcommit transaction[0m
  ↳ app/controllers/person_controller.rb:34:in `destroy'
Completed 500 Internal Server Error in 296ms (ActiveRecord: 115.6ms | Allocations: 103635)


  
NameError (undefined local variable or method `persons_path' for #<PersonController:0x00007ff5f94b3060>
Did you mean?  person_path):
  
app/controllers/person_controller.rb:36:in `destroy'
Started GET "/routes" for ::1 at 2021-07-19 23:56:56 -0300
  
ActionController::RoutingError (No route matches [GET] "/routes"):
  
actionpack (6.0.4) lib/action_dispatch/middleware/debug_exceptions.rb:36:in `call'
web-console (4.1.0) lib/web_console/middleware.rb:132:in `call_app'
web-console (4.1.0) lib/web_console/middleware.rb:28:in `block in call'
web-console (4.1.0) lib/web_console/middleware.rb:17:in `catch'
web-console (4.1.0) lib/web_console/middleware.rb:17:in `call'
actionpack (6.0.4) lib/action_dispatch/middleware/show_exceptions.rb:33:in `call'
railties (6.0.4) lib/rails/rack/logger.rb:37:in `call_app'
railties (6.0.4) lib/rails/rack/logger.rb:26:in `block in call'
activesupport (6.0.4) lib/active_support/tagged_logging.rb:80:in `block in tagged'
activesupport (6.0.4) lib/active_support/tagged_logging.rb:28:in `tagged'
activesupport (6.0.4) lib/active_support/tagged_logging.rb:80:in `tagged'
railties (6.0.4) lib/rails/rack/logger.rb:26:in `call'
sprockets-rails (3.2.2) lib/sprockets/rails/quiet_assets.rb:13:in `call'
actionpack (6.0.4) lib/action_dispatch/middleware/remote_ip.rb:81:in `call'
actionpack (6.0.4) lib/action_dispatch/middleware/request_id.rb:27:in `call'
rack (2.2.3) lib/rack/method_override.rb:24:in `call'
rack (2.2.3) lib/rack/runtime.rb:22:in `call'
activesupport (6.0.4) lib/active_support/cache/strategy/local_cache_middleware.rb:29:in `call'
actionpack (6.0.4) lib/action_dispatch/middleware/executor.rb:14:in `call'
actionpack (6.0.4) lib/action_dispatch/middleware/static.rb:126:in `call'
rack (2.2.3) lib/rack/sendfile.rb:110:in `call'
actionpack (6.0.4) lib/action_dispatch/middleware/host_authorization.rb:82:in `call'
webpacker (4.3.0) lib/webpacker/dev_server_proxy.rb:23:in `perform_request'
rack-proxy (0.7.0) lib/rack/proxy.rb:63:in `call'
railties (6.0.4) lib/rails/engine.rb:527:in `call'
puma (4.3.8) lib/puma/configuration.rb:228:in `call'
puma (4.3.8) lib/puma/server.rb:718:in `handle_request'
puma (4.3.8) lib/puma/server.rb:472:in `process_client'
puma (4.3.8) lib/puma/server.rb:328:in `block in run'
puma (4.3.8) lib/puma/thread_pool.rb:134:in `block in spawn_thread'
Started DELETE "/person/2" for ::1 at 2021-07-19 23:57:59 -0300
  [1m[35m (0.0ms)[0m  [1m[34mSELECT sqlite_version(*)[0m
Processing by PersonController#destroy as HTML
  Parameters: {"authenticity_token"=>"6yMMfshs75Vkz2GCAIS82xLrs+VI6sJcwf7Kn+UzU+ksQIh4wkC4lND6nePZ2nnBDUqpuXzLxh2ixFg34q1Iww==", "id"=>"2"}
  [1m[36mPerson Load (0.1ms)[0m  [1m[34mSELECT "people".* FROM "people" WHERE "people"."id" = ? LIMIT ?[0m  [["id", 2], ["LIMIT", 1]]
  ↳ app/controllers/person_controller.rb:33:in `destroy'
Completed 404 Not Found in 4ms (ActiveRecord: 1.1ms | Allocations: 2562)


  
ActiveRecord::RecordNotFound (Couldn't find Person with 'id'=2):
  
app/controllers/person_controller.rb:33:in `destroy'
Started DELETE "/person/2" for ::1 at 2021-07-19 23:58:08 -0300
Processing by PersonController#destroy as HTML
  Parameters: {"authenticity_token"=>"6yMMfshs75Vkz2GCAIS82xLrs+VI6sJcwf7Kn+UzU+ksQIh4wkC4lND6nePZ2nnBDUqpuXzLxh2ixFg34q1Iww==", "id"=>"2"}
  [1m[36mPerson Load (0.2ms)[0m  [1m[34mSELECT "people".* FROM "people" WHERE "people"."id" = ? LIMIT ?[0m  [["id", 2], ["LIMIT", 1]]
  ↳ app/controllers/person_controller.rb:33:in `destroy'
Completed 404 Not Found in 3ms (ActiveRecord: 0.2ms | Allocations: 1162)


  
ActiveRecord::RecordNotFound (Couldn't find Person with 'id'=2):
  
app/controllers/person_controller.rb:33:in `destroy'
Started GET "/person/2" for ::1 at 2021-07-19 23:58:17 -0300
Processing by PersonController#show as HTML
  Parameters: {"id"=>"2"}
  [1m[36mPerson Load (0.1ms)[0m  [1m[34mSELECT "people".* FROM "people" WHERE "people"."id" = ? LIMIT ?[0m  [["id", 2], ["LIMIT", 1]]
  ↳ app/controllers/person_controller.rb:7:in `show'
Completed 404 Not Found in 3ms (ActiveRecord: 0.1ms | Allocations: 1129)


  
ActiveRecord::RecordNotFound (Couldn't find Person with 'id'=2):
  
app/controllers/person_controller.rb:7:in `show'
Started GET "/person" for ::1 at 2021-07-19 23:58:19 -0300
Processing by PersonController#index as HTML
  Rendering person/index.html.erb within layouts/application
  [1m[36mPerson Load (0.2ms)[0m  [1m[34mSELECT "people".* FROM "people"[0m
  ↳ app/views/person/index.html.erb:2
  Rendered person/index.html.erb within layouts/application (Duration: 9.3ms | Allocations: 7653)
[Webpacker] Everything's up-to-date. Nothing to do
Completed 200 OK in 14ms (Views: 12.8ms | ActiveRecord: 0.2ms | Allocations: 11388)


Started GET "/person" for ::1 at 2021-07-19 23:58:19 -0300
Processing by PersonController#index as HTML
  Rendering person/index.html.erb within layouts/application
  [1m[36mPerson Load (0.1ms)[0m  [1m[34mSELECT "people".* FROM "people"[0m
  ↳ app/views/person/index.html.erb:2
  Rendered person/index.html.erb within layouts/application (Duration: 1.4ms | Allocations: 880)
[Webpacker] Everything's up-to-date. Nothing to do
Completed 200 OK in 6ms (Views: 4.6ms | ActiveRecord: 0.1ms | Allocations: 4323)


Started GET "/person/new" for ::1 at 2021-07-19 23:58:23 -0300
Processing by PersonController#new as HTML
  Rendering person/new.html.erb within layouts/application
  Rendered person/new.html.erb within layouts/application (Duration: 103.2ms | Allocations: 74842)
Completed 500 Internal Server Error in 106ms (ActiveRecord: 0.0ms | Allocations: 75445)


  
ActionView::Template::Error (undefined method `people_path' for #<#<Class:0x00007ff5f91a50d0>:0x00007ff5f93994b8>):
    1: <h3>Register</h3>
    2: <%= form_with model: @person do |form| %>
    3:   <%= form.text_field :name, placeholder: "name" %>
    4:   <%= form.text_field :nickname, placeholder: "nickname" %>
    5:   <%= form.text_field :last_name, placeholder: "last name" %>
  
app/views/person/new.html.erb:2
